{
  "stats": {
    "suites": 1,
    "tests": 1,
    "passes": 1,
    "pending": 0,
    "failures": 0,
    "start": "2025-10-08T12:49:18.984Z",
    "end": "2025-10-08T12:49:22.412Z",
    "duration": 3428,
    "testsRegistered": 1,
    "passPercent": 100,
    "pendingPercent": 0,
    "other": 0,
    "hasOther": false,
    "skipped": 0,
    "hasSkipped": false
  },
  "results": [
    {
      "uuid": "ade9f727-fb6a-4765-bc5f-f5dd0ef1286f",
      "title": "",
      "fullFile": "cypress/e2e/type_fullname.cy.js",
      "file": "cypress/e2e/type_fullname.cy.js",
      "beforeHooks": [],
      "afterHooks": [],
      "tests": [],
      "suites": [
        {
          "uuid": "7c24bae5-2ffd-4ef1-9b3c-a6d1c1fe7b32",
          "title": "KS2-TC03_FullName Check",
          "fullFile": "",
          "file": "",
          "beforeHooks": [],
          "afterHooks": [],
          "tests": [
            {
              "title": "on page type blur and enter the Full name",
              "fullTitle": "KS2-TC03_FullName Check on page type blur and enter the Full name",
              "timedOut": null,
              "duration": 1293,
              "state": "passed",
              "speed": "fast",
              "pass": true,
              "fail": false,
              "pending": false,
              "context": null,
              "code": "//Visit the address\ncy.visit('https://example.cypress.io');\n//find the element called type and click on link \ncy.contains('type').click();\n// should be on the new commands/actions\ncy.url().should('include', '/commands/actions');\n// Assert the FullName field and blur the field with Red\ncy.get('.action-blur').type('About to blur');\ncy.get('.action-blur').blur();\ncy.get('.action-blur').should('have.class', 'error').prev().should('have.attr', 'style', 'color: red;');\n//Enter a sample full name on the text\ncy.get('.action-blur').clear();\ncy.get('.action-blur').type('Full Name');",
              "err": {},
              "uuid": "95c67346-e0e2-4553-beb0-c0f293fc1d94",
              "parentUUID": "7c24bae5-2ffd-4ef1-9b3c-a6d1c1fe7b32",
              "isHook": false,
              "skipped": false
            }
          ],
          "suites": [],
          "passes": [
            "95c67346-e0e2-4553-beb0-c0f293fc1d94"
          ],
          "failures": [],
          "pending": [],
          "skipped": [],
          "duration": 1293,
          "root": false,
          "rootEmpty": false,
          "_timeout": 2000
        }
      ],
      "passes": [],
      "failures": [],
      "pending": [],
      "skipped": [],
      "duration": 0,
      "root": true,
      "rootEmpty": true,
      "_timeout": 2000
    }
  ],
  "meta": {
    "mocha": {
      "version": "7.2.0"
    },
    "mochawesome": {
      "options": {
        "quiet": false,
        "reportFilename": "mochawesome",
        "saveHtml": false,
        "saveJson": true,
        "consoleReporter": "spec",
        "useInlineDiffs": false,
        "code": true
      },
      "version": "7.1.4"
    },
    "marge": {
      "options": {
        "reportDir": "cypress/reports",
        "overwrite": false,
        "html": false,
        "json": true,
        "charts": true
      },
      "version": "6.3.0"
    }
  }
}