{
  "stats": {
    "suites": 1,
    "tests": 1,
    "passes": 1,
    "pending": 0,
    "failures": 0,
    "start": "2025-10-08T12:49:25.400Z",
    "end": "2025-10-08T12:49:28.010Z",
    "duration": 2610,
    "testsRegistered": 1,
    "passPercent": 100,
    "pendingPercent": 0,
    "other": 0,
    "hasOther": false,
    "skipped": 0,
    "hasSkipped": false
  },
  "results": [
    {
      "uuid": "a45bd9dc-224c-4885-a424-760a28cd2078",
      "title": "",
      "fullFile": "cypress/e2e/type_password.cy.js",
      "file": "cypress/e2e/type_password.cy.js",
      "beforeHooks": [],
      "afterHooks": [],
      "tests": [],
      "suites": [
        {
          "uuid": "f47a4e95-b84b-4f2c-9831-dfbfbf95114b",
          "title": "KS2-TC02_Type_Passwordfield Check",
          "fullFile": "",
          "file": "",
          "beforeHooks": [],
          "afterHooks": [],
          "tests": [
            {
              "title": "On page type assert and enter the password field and enter password",
              "fullTitle": "KS2-TC02_Type_Passwordfield Check On page type assert and enter the password field and enter password",
              "timedOut": null,
              "duration": 714,
              "state": "passed",
              "speed": "fast",
              "pass": true,
              "fail": false,
              "pending": false,
              "context": null,
              "code": "//visit the address\ncy.visit('https://example.cypress.io');\n//find the type element and click on a link\ncy.contains('type').click();\n// Should be on a new url which includes '/commands/actions'\ncy.url().should('include', '/commands/actions');\n// Assert the password field with its attribute\ncy.get('.action-focus').focus();\ncy.get('.action-focus').should('have.class', 'focus').prev().should('have.attr', 'style', 'color: orange;');\n// Get an input and type into it\ncy.get('.action-focus').type('Password1');",
              "err": {},
              "uuid": "29523a89-1737-4afa-ab1a-ff59342c03d7",
              "parentUUID": "f47a4e95-b84b-4f2c-9831-dfbfbf95114b",
              "isHook": false,
              "skipped": false
            }
          ],
          "suites": [],
          "passes": [
            "29523a89-1737-4afa-ab1a-ff59342c03d7"
          ],
          "failures": [],
          "pending": [],
          "skipped": [],
          "duration": 714,
          "root": false,
          "rootEmpty": false,
          "_timeout": 2000
        }
      ],
      "passes": [],
      "failures": [],
      "pending": [],
      "skipped": [],
      "duration": 0,
      "root": true,
      "rootEmpty": true,
      "_timeout": 2000
    }
  ],
  "meta": {
    "mocha": {
      "version": "7.2.0"
    },
    "mochawesome": {
      "options": {
        "quiet": false,
        "reportFilename": "mochawesome",
        "saveHtml": false,
        "saveJson": true,
        "consoleReporter": "spec",
        "useInlineDiffs": false,
        "code": true
      },
      "version": "7.1.4"
    },
    "marge": {
      "options": {
        "reportDir": "cypress/reports",
        "overwrite": false,
        "html": false,
        "json": true,
        "charts": true
      },
      "version": "6.3.0"
    }
  }
}